#! /usr/bin/vvp
:ivl_version "0.9.7 " "(v0_9_7)";
:vpi_time_precision - 12;
:vpi_module "system";
:vpi_module "v2005_math";
:vpi_module "va_math";
S_0x100cb50 .scope module, "testmodule" "testmodule" 2 25;
 .timescale -9 -12;
v0x1020960_0 .var "a", 7 0;
v0x1020a00_0 .var "b", 7 0;
v0x1020ab0_0 .net "product", 15 0, v0x1020730_0; 1 drivers
S_0x100cc40 .scope module, "uut" "array_multiplier" 2 35, 3 21, S_0x100cb50;
 .timescale -9 -12;
v0xffb910_0 .net "a", 7 0, v0x1020960_0; 1 drivers
v0x10203c0_0 .net "b", 7 0, v0x1020a00_0; 1 drivers
v0x1020460_0 .var "c_o", 0 0;
v0x1020500_0 .var/i "i", 31 0;
v0x10205b0_0 .var/i "index", 31 0;
v0x1020650_0 .var/i "j", 31 0;
v0x1020730_0 .var "m", 15 0;
v0x10207d0_0 .var "temp", 0 0;
v0x10208c0_0 .var "temp_o", 0 0;
E_0xffaf00/0 .event edge, v0x1020500_0, v0xffb910_0, v0x1020650_0, v0x10203c0_0;
E_0xffaf00/1 .event edge, v0x10205b0_0, v0x1020730_0, v0x10207d0_0, v0x1020460_0;
E_0xffaf00/2 .event edge, v0x10208c0_0;
E_0xffaf00 .event/or E_0xffaf00/0, E_0xffaf00/1, E_0xffaf00/2;
    .scope S_0x100cc40;
T_0 ;
    %wait E_0xffaf00;
    %set/v v0x1020730_0, 0, 16;
    %set/v v0x1020500_0, 0, 32;
T_0.0 ;
    %load/v 8, v0x1020500_0, 32;
   %cmpi/s 8, 7, 32;
    %or 5, 4, 1;
    %jmp/0xz T_0.1, 5;
    %set/v v0x1020460_0, 0, 1;
    %set/v v0x1020650_0, 0, 32;
T_0.2 ;
    %load/v 8, v0x1020650_0, 32;
   %cmpi/s 8, 7, 32;
    %or 5, 4, 1;
    %jmp/0xz T_0.3, 5;
    %ix/getv/s 1, v0x1020500_0;
    %jmp/1 T_0.4, 4;
    %load/x1p 8, v0xffb910_0, 1;
    %jmp T_0.5;
T_0.4 ;
    %mov 8, 2, 1;
T_0.5 ;
; Save base=8 wid=1 in lookaside.
    %ix/getv/s 1, v0x1020650_0;
    %jmp/1 T_0.6, 4;
    %load/x1p 9, v0x10203c0_0, 1;
    %jmp T_0.7;
T_0.6 ;
    %mov 9, 2, 1;
T_0.7 ;
; Save base=9 wid=1 in lookaside.
    %and 8, 9, 1;
    %set/v v0x10207d0_0, 8, 1;
    %load/v 8, v0x1020500_0, 32;
    %load/v 40, v0x1020650_0, 32;
    %add 8, 40, 32;
    %set/v v0x10205b0_0, 8, 32;
    %ix/getv/s 1, v0x10205b0_0;
    %jmp/1 T_0.8, 4;
    %load/x1p 10, v0x1020730_0, 1;
    %jmp T_0.9;
T_0.8 ;
    %mov 10, 2, 1;
T_0.9 ;
    %mov 8, 10, 1; Move signal select into place
    %mov 9, 0, 1;
    %load/v 10, v0x10207d0_0, 1;
    %mov 11, 0, 1;
    %add 8, 10, 2;
    %load/v 10, v0x1020460_0, 1;
    %mov 11, 0, 1;
    %add 8, 10, 2;
    %set/v v0x10208c0_0, 8, 1;
    %set/v v0x1020460_0, 9, 1;
    %load/v 8, v0x10208c0_0, 1;
    %ix/getv/s 0, v0x10205b0_0;
    %jmp/1 t_0, 4;
    %set/x0 v0x1020730_0, 8, 1;
t_0 ;
    %ix/load 0, 1, 0;
    %load/vp0/s 8, v0x1020650_0, 32;
    %set/v v0x1020650_0, 8, 32;
    %jmp T_0.2;
T_0.3 ;
    %load/v 8, v0x1020500_0, 32;
    %load/v 40, v0x1020650_0, 32;
    %add 8, 40, 32;
    %set/v v0x10205b0_0, 8, 32;
    %load/v 8, v0x1020460_0, 1;
    %ix/getv/s 0, v0x10205b0_0;
    %jmp/1 t_1, 4;
    %set/x0 v0x1020730_0, 8, 1;
t_1 ;
    %ix/load 0, 1, 0;
    %load/vp0/s 8, v0x1020500_0, 32;
    %set/v v0x1020500_0, 8, 32;
    %jmp T_0.0;
T_0.1 ;
    %jmp T_0;
    .thread T_0, $push;
    .scope S_0x100cb50;
T_1 ;
    %set/v v0x1020960_0, 0, 8;
    %set/v v0x1020a00_0, 0, 8;
    %delay 100000, 0;
    %vpi_call 2 49 "$display", "%8b, %8b, %8b", v0x1020960_0, v0x1020a00_0, v0x1020ab0_0;
    %movi 8, 5, 8;
    %set/v v0x1020960_0, 8, 8;
    %movi 8, 5, 8;
    %set/v v0x1020a00_0, 8, 8;
    %delay 100000, 0;
    %vpi_call 2 54 "$display", "%8b, %8b, %8b", v0x1020960_0, v0x1020a00_0, v0x1020ab0_0;
    %end;
    .thread T_1;
# The file index is used to find the file name in the following table.
:file_names 4;
    "N/A";
    "<interactive>";
    "test_bench.v";
    "array_multiplier.v";
